build/app/intermediates/aapt_proguard_file/release/aapt_rules.txt
# Referenced at merged_manifests/release/AndroidManifest.xml:19
-keep class androidx.core.app.CoreComponentFactory { <init>(); }
# Referenced at merged_manifests/release/AndroidManifest.xml:24
-keep class com.example.kalachar.MainActivity { <init>(); }
# Referenced at merged_manifests/release/AndroidManifest.xml:19
-keep class io.flutter.app.FlutterApplication { <init>(); }