build/app/outputs/mapping/release/mapping.txt
# compiler: R8
# compiler_version: 1.6.67
# min_api: 16
# pg_map_id: e886219
# common_typos_disable
com.example.kalachar.MainActivity -> com.example.kalachar.MainActivity:
    void configureFlutterEngine(io.flutter.embedding.engine.FlutterEngine) -> a
...
io.flutter.embedding.android.FlutterTextureView -> io.flutter.embedding.android.i:
    io.flutter.embedding.engine.renderer.FlutterRenderer flutterRenderer -> c
    android.view.TextureView$SurfaceTextureListener surfaceTextureListener -> e
    android.view.Surface renderSurface -> d
    boolean isSurfaceAvailableForRendering -> a
    boolean isAttachedToFlutterRenderer -> b
    boolean access$002(io.flutter.embedding.android.FlutterTextureView,boolean) -> a
    boolean access$100(io.flutter.embedding.android.FlutterTextureView) -> a
    void access$300(io.flutter.embedding.android.FlutterTextureView,int,int) -> a
    void attachToRenderer(io.flutter.embedding.engine.renderer.FlutterRenderer) -> a
    void changeSurfaceSize(int,int) -> a
    void pause() -> a
    void access$200(io.flutter.embedding.android.FlutterTextureView) -> b
    void detachFromRenderer() -> b
    void access$400(io.flutter.embedding.android.FlutterTextureView) -> c
    void connectSurfaceToRenderer() -> c
    void disconnectSurfaceFromRenderer() -> d
    void init() -> e
io.flutter.embedding.android.FlutterTextureView$1 -> io.flutter.embedding.android.i$a:
    io.flutter.embedding.android.FlutterTextureView this$0 -> a
io.flutter.embedding.android.FlutterView -> io.flutter.embedding.android.j:
    io.flutter.embedding.engine.FlutterEngine flutterEngine -> h
    io.flutter.embedding.android.FlutterTextureView flutterTextureView -> b
    io.flutter.embedding.engine.renderer.FlutterRenderer$ViewportMetrics viewportMetrics -> o
    io.flutter.embedding.android.FlutterSurfaceView flutterSurfaceView -> a
    java.util.Set flutterEngineAttachmentListeners -> i
    io.flutter.embedding.android.AndroidTouchProcessor androidTouchProcessor -> m
    io.flutter.view.AccessibilityBridge$OnAccessibilityChangeListener onAccessibilityChangeListener -> p
    io.flutter.embedding.engine.renderer.RenderSurface renderSurface -> d
    io.flutter.embedding.engine.renderer.RenderSurface previousRenderSurface -> e
    java.util.Set flutterUiDisplayListeners -> f
    io.flutter.plugin.editing.TextInputPlugin textInputPlugin -> j
    io.flutter.view.AccessibilityBridge accessibilityBridge -> n
    io.flutter.embedding.android.FlutterImageView flutterImageView -> c
    boolean isFlutterUiDisplayed -> g
    io.flutter.plugin.localization.LocalizationPlugin localizationPlugin -> k
    io.flutter.embedding.android.AndroidKeyProcessor androidKeyProcessor -> l
    io.flutter.embedding.engine.renderer.FlutterUiDisplayListener flutterUiDisplayListener -> q
    void access$000(io.flutter.embedding.android.FlutterView,boolean,boolean) -> a
    boolean access$102(io.flutter.embedding.android.FlutterView,boolean) -> a
io.flutter.embedding.android.FlutterView$1 -> io.flutter.embedding.android.j$a:
    io.flutter.embedding.android.FlutterView this$0 -> a
    void onAccessibilityChanged(boolean,boolean) -> a
io.flutter.embedding.android.FlutterView$2 -> io.flutter.embedding.android.j$b:
    io.flutter.embedding.android.FlutterView this$0 -> a
    void onFlutterUiDisplayed() -> a
    void onFlutterUiNoLongerDisplayed() -> c
io.flutter.embedding.android.FlutterView$3 -> io.flutter.embedding.android.j$c:
    java.lang.Runnable val$onDone -> b
    io.flutter.embedding.engine.renderer.FlutterRenderer val$renderer -> a
    io.flutter.embedding.android.FlutterView this$0 -> c
    void onFlutterUiDisplayed() -> a
    void onFlutterUiNoLongerDisplayed() -> c
io.flutter.embedding.android.FlutterView$FlutterEngineAttachmentListener -> io.flutter.embedding.android.j$d:
    void onFlutterEngineAttachedToFlutterView(io.flutter.embedding.engine.FlutterEngine) -> a
    void onFlutterEngineDetachedFromFlutterView() -> a