build/app/outputs/mapping/release/usage.txt
com.example.kalachar.R$layout
com.example.kalachar.R$string
com.example.kalachar.R$color
com.example.kalachar.R
com.example.kalachar.R$attr
com.example.kalachar.R$drawable
com.example.kalachar.R$id
com.example.kalachar.BuildConfig
com.example.kalachar.R$styleable
com.example.kalachar.R$style
com.example.kalachar.R$dimen
com.example.kalachar.R$integer
com.example.kalachar.R$mipmap
...
kotlin.UInt$Companion
kotlin.jvm.functions.Function3
androidx.fragment.app.FragmentContainer
androidx.fragment.app.FragmentTransitionImpl$2
android.support.v4.os.ResultReceiver
androidx.core.app.JobIntentService$JobWorkEnqueuer
androidx.arch.core.R
kotlin.coroutines.experimental.jvm.internal.CoroutineIntrinsics
androidx.core.graphics.drawable.RoundedBitmapDrawableFactory
androidx.core.content.pm.ShortcutManagerCompat
androidx.lifecycle.LifecycleRegistry:
    private androidx.lifecycle.Lifecycle$State calculateTargetState(androidx.lifecycle.LifecycleObserver)
    public void markState(androidx.lifecycle.Lifecycle$State)
    public void setCurrentState(androidx.lifecycle.Lifecycle$State)
    public void addObserver(androidx.lifecycle.LifecycleObserver)
    public int getObserverCount()
io.flutter.embedding.engine.systemchannels.KeyEventChannel$FlutterKeyEvent:
    public void <init>(android.view.KeyEvent)
androidx.fragment.app.FragmentManagerImpl$OpGenerator
io.flutter.plugins.sharedpreferences.R$id
kotlin.reflect.KMutableProperty1$Setter
androidx.core.widget.ScrollerCompat
kotlin.coroutines.experimental.migration.ExperimentalSuspendFunction0Migration
androidx.fragment.app.FragmentHostCallback
androidx.core.provider.FontsContractCompat$4$7
kotlin.text.MatchResult$Destructured
androidx.fragment.app.FragmentTransaction
androidx.core.app.AppComponentFactory
androidx.core.view.TintableBackgroundView
kotlin.sequences.FilteringSequence
androidx.core.app.NotificationCompatExtras
kotlin.collections.CollectionsKt__IterablesKt$Iterable$1
androidx.core.app.ActivityCompat$RequestPermissionsRequestCodeValidator
androidx.lifecycle.ViewModelProvider$Factory
androidx.core.R$attr
androidx.annotation.ColorRes
androidx.core.content.res.GrowingArrayUtils
kotlin.contracts.InvocationKind
kotlin.jvm.internal.ArrayIterator
kotlin.io.CloseableKt
androidx.annotation.IdRes
kotlin.jvm.functions.Function10
androidx.customview.widget.FocusStrategy$SequentialComparator
io.flutter.view.FlutterView$3
androidx.core.view.accessibility.AccessibilityNodeProviderCompat$AccessibilityNodeProviderApi19
io.flutter.plugins.sharedpreferences.MethodCallHandlerImpl:
    private static final java.lang.String SHARED_PREFERENCES_NAME
    private static final java.lang.String LIST_IDENTIFIER
    private static final java.lang.String BIG_INTEGER_PREFIX
    private static final java.lang.String DOUBLE_PREFIX
kotlin.time.MeasureTimeKt
kotlin.collections.CollectionsKt___CollectionsKt$elementAt$1
androidx.viewpager.widget.PagerAdapter
androidx.core.view.ViewCompat$5
kotlin.collections.ArrayAsCollection
androidx.core.text.ICUCompat
androidx.fragment.app.FragmentManagerImpl$3$1
androidx.core.os.ParcelableCompatCreatorCallbacks
kotlin.properties.Delegates$vetoable$1
androidx.core.provider.FontsContractCompat$1
androidx.core.util.Pair
io.flutter.view.FlutterView$ZeroSides
androidx.collection.CircularIntArray
kotlin.collections.AbstractSet$Companion
kotlin.internal.Exact
kotlin.jvm.internal.TypeIntrinsics
kotlin.coroutines.intrinsics.IntrinsicsKt
androidx.core.content.res.FontResourcesParserCompat$FontFamilyFilesResourceEntry
androidx.versionedparcelable.VersionedParcelStream$1
io.flutter.plugins.sharedpreferences.R$styleable
androidx.loader.content.AsyncTaskLoader$LoadTask
kotlin.collections.TypeAliasesKt
androidx.core.os.LocaleListCompatWrapper
androidx.fragment.app.Fragment$1
androidx.core.content.pm.ShortcutInfoCompat$Builder
kotlin.io.FileTreeWalk
kotlin.collections.ArraysKt___ArraysKt$asIterable$$inlined$Iterable$1
kotlin.coroutines.intrinsics.IntrinsicsKt__IntrinsicsKt
kotlin.collections.ULongIterator
androidx.fragment.app.FragmentManager
androidx.core.provider.FontsContractCompat$Columns
androidx.core.widget.ListPopupWindowCompat
androidx.core.app.AlarmManagerCompat
androidx.loader.content.Loader
androidx.core.graphics.drawable.WrappedDrawableApi14
kotlin.collections.AbstractList$Companion
androidx.lifecycle.ComputableLiveData$3